<?xml version="1.0" encoding="UTF-8"?>
<!-- Generated by org.testng.reporters.JUnitXMLReporter -->
<testsuite ignored="2" hostname="DESKTOP-8SGD1CV" failures="0" tests="3" name="Test" time="151.555" errors="0" timestamp="2020-02-09T09:02:47 IST">
  <testcase classname="na.flipkart.flipkart" name="remove_item" time="80.066"/>
  <testcase classname="na.flipkart.flipkart" name="add_cart" time="87.667"/>
  <testcase classname="na.Paytm.Paytm" name="paytm_recharge" time="151.332"/>
  <testcase classname="nari.framework.BaseClass" name="@BeforeSuite beforeSuite" time="0.0">
    <ignored/>
  </testcase> <!-- @BeforeSuite beforeSuite -->
  <testcase classname="nari.framework.BaseClass" name="@AfterSuite aftersuite" time="0.0">
    <ignored/>
  </testcase> <!-- @AfterSuite aftersuite -->
</testsuite> <!-- Test -->
