<?xml version="1.0" encoding="UTF-8"?>
<!-- Generated by org.testng.reporters.JUnitXMLReporter -->
<testsuite ignored="3" hostname="DESKTOP-8SGD1CV" failures="0" tests="2" name="Test" time="36.667" errors="0" timestamp="2020-02-07T17:18:28 IST">
  <testcase classname="na.flipkart.flipkart" name="remove_item" time="29.371"/>
  <testcase classname="na.flipkart.flipkart" name="add_cart" time="36.397"/>
  <testcase classname="na.Paytm.Paytm" name="paytm_recharge" time="0.0">
    <ignored/>
  </testcase> <!-- paytm_recharge -->
  <testcase classname="nari.framework.BaseClass" name="@BeforeSuite beforeSuite" time="0.0">
    <ignored/>
  </testcase> <!-- @BeforeSuite beforeSuite -->
  <testcase classname="nari.framework.BaseClass" name="@AfterSuite aftersuite" time="0.0">
    <ignored/>
  </testcase> <!-- @AfterSuite aftersuite -->
</testsuite> <!-- Test -->
