<?xml version="1.0" encoding="UTF-8"?>
<!-- Generated by org.testng.reporters.JUnitXMLReporter -->
<testsuite ignored="3" hostname="DESKTOP-8SGD1CV" failures="0" tests="2" name="Test" time="49.325" errors="0" timestamp="2020-02-08T09:20:35 IST">
  <testcase classname="na.flipkart.flipkart" name="remove_item" time="43.941"/>
  <testcase classname="na.flipkart.flipkart" name="add_cart" time="49.229"/>
  <testcase classname="na.Paytm.Paytm" name="paytm_recharge" time="0.0">
    <ignored/>
  </testcase> <!-- paytm_recharge -->
  <testcase classname="nari.framework.BaseClass" name="@BeforeSuite beforeSuite" time="0.0">
    <ignored/>
  </testcase> <!-- @BeforeSuite beforeSuite -->
  <testcase classname="nari.framework.BaseClass" name="@AfterSuite aftersuite" time="0.0">
    <ignored/>
  </testcase> <!-- @AfterSuite aftersuite -->
</testsuite> <!-- Test -->
