<?xml version="1.0" encoding="UTF-8"?>
<testng-results ignored="3" total="5" passed="2" failed="0" skipped="0">
  <reporter-output>
  </reporter-output>
  <suite started-at="2020-02-08T09:19:45 IST" name="Suite" finished-at="2020-02-08T09:20:34 IST" duration-ms="49325">
    <groups>
    </groups>
    <test started-at="2020-02-08T09:19:45 IST" name="Test" finished-at="2020-02-08T09:20:34 IST" duration-ms="49325">
      <class name="na.flipkart.flipkart">
        <test-method is-config="true" signature="beforeSuite()[pri:0, instance:na.flipkart.flipkart@385e9564]" started-at="2020-02-08T09:19:45 IST" name="beforeSuite" finished-at="2020-02-08T09:19:45 IST" duration-ms="422" status="PASS">
          <reporter-output>
          </reporter-output>
        </test-method> <!-- beforeSuite -->
        <test-method is-config="true" signature="BeforeClass()[pri:0, instance:na.flipkart.flipkart@385e9564]" started-at="2020-02-08T09:19:45 IST" name="BeforeClass" finished-at="2020-02-08T09:19:45 IST" duration-ms="56" status="PASS">
          <reporter-output>
          </reporter-output>
        </test-method> <!-- BeforeClass -->
        <test-method is-config="true" signature="beforemethod(java.lang.reflect.Method)[pri:0, instance:na.flipkart.flipkart@385e9564]" started-at="2020-02-08T09:19:45 IST" name="beforemethod" finished-at="2020-02-08T09:19:45 IST" duration-ms="8" status="PASS">
          <params>
            <param index="0">
              <value>
                <![CDATA[public static void na.flipkart.flipkart.add_cart() throws java.io.IOException,java.lang.InterruptedException]]>
              </value>
            </param>
          </params>
          <reporter-output>
          </reporter-output>
        </test-method> <!-- beforemethod -->
        <test-method is-config="true" signature="beforemethod(java.lang.reflect.Method)[pri:0, instance:na.flipkart.flipkart@385e9564]" started-at="2020-02-08T09:19:45 IST" name="beforemethod" finished-at="2020-02-08T09:19:45 IST" duration-ms="8" status="PASS">
          <params>
            <param index="0">
              <value>
                <![CDATA[public static void na.flipkart.flipkart.remove_item() throws java.lang.InterruptedException,java.io.IOException]]>
              </value>
            </param>
          </params>
          <reporter-output>
          </reporter-output>
        </test-method> <!-- beforemethod -->
        <test-method signature="add_cart()[pri:0, instance:na.flipkart.flipkart@385e9564]" started-at="2020-02-08T09:19:45 IST" name="add_cart" finished-at="2020-02-08T09:20:34 IST" duration-ms="49229" status="PASS">
          <reporter-output>
          </reporter-output>
        </test-method> <!-- add_cart -->
        <test-method signature="remove_item()[pri:0, instance:na.flipkart.flipkart@385e9564]" started-at="2020-02-08T09:19:45 IST" name="remove_item" finished-at="2020-02-08T09:20:29 IST" duration-ms="43941" status="PASS">
          <reporter-output>
          </reporter-output>
        </test-method> <!-- remove_item -->
        <test-method is-config="true" signature="aftermethod(org.testng.ITestResult)[pri:0, instance:na.flipkart.flipkart@385e9564]" started-at="2020-02-08T09:20:29 IST" name="aftermethod" finished-at="2020-02-08T09:20:29 IST" duration-ms="136" status="PASS">
          <params>
            <param index="0">
              <value>
                <![CDATA[[TestResult name=remove_item status=SUCCESS method=flipkart.remove_item()[pri:0, instance:na.flipkart.flipkart@385e9564] output={null}]]]>
              </value>
            </param>
          </params>
          <reporter-output>
          </reporter-output>
        </test-method> <!-- aftermethod -->
        <test-method is-config="true" signature="aftermethod(org.testng.ITestResult)[pri:0, instance:na.flipkart.flipkart@385e9564]" started-at="2020-02-08T09:20:34 IST" name="aftermethod" finished-at="2020-02-08T09:20:34 IST" duration-ms="0" status="PASS">
          <params>
            <param index="0">
              <value>
                <![CDATA[[TestResult name=add_cart status=SUCCESS method=flipkart.add_cart()[pri:0, instance:na.flipkart.flipkart@385e9564] output={null}]]]>
              </value>
            </param>
          </params>
          <reporter-output>
          </reporter-output>
        </test-method> <!-- aftermethod -->
        <test-method is-config="true" signature="aftersuite()[pri:0, instance:na.flipkart.flipkart@385e9564]" started-at="2020-02-08T09:20:36 IST" name="aftersuite" finished-at="2020-02-08T09:20:39 IST" duration-ms="3064" status="PASS">
          <reporter-output>
          </reporter-output>
        </test-method> <!-- aftersuite -->
      </class> <!-- na.flipkart.flipkart -->
    </test> <!-- Test -->
  </suite> <!-- Suite -->
</testng-results>
