<?xml version="1.0" encoding="UTF-8"?>
<testng-results ignored="3" total="5" passed="2" failed="0" skipped="0">
  <reporter-output>
  </reporter-output>
  <suite started-at="2020-02-07T17:17:52 IST" name="Suite" finished-at="2020-02-07T17:18:28 IST" duration-ms="36667">
    <groups>
    </groups>
    <test started-at="2020-02-07T17:17:52 IST" name="Test" finished-at="2020-02-07T17:18:28 IST" duration-ms="36667">
      <class name="na.flipkart.flipkart">
        <test-method is-config="true" signature="beforeSuite()[pri:0, instance:na.flipkart.flipkart@61d6015a]" started-at="2020-02-07T17:17:51 IST" name="beforeSuite" finished-at="2020-02-07T17:17:52 IST" duration-ms="203" status="PASS">
          <reporter-output>
          </reporter-output>
        </test-method> <!-- beforeSuite -->
        <test-method is-config="true" signature="BeforeClass()[pri:0, instance:na.flipkart.flipkart@61d6015a]" started-at="2020-02-07T17:17:52 IST" name="BeforeClass" finished-at="2020-02-07T17:17:52 IST" duration-ms="203" status="PASS">
          <reporter-output>
          </reporter-output>
        </test-method> <!-- BeforeClass -->
        <test-method is-config="true" signature="beforemethod(java.lang.reflect.Method)[pri:0, instance:na.flipkart.flipkart@61d6015a]" started-at="2020-02-07T17:17:52 IST" name="beforemethod" finished-at="2020-02-07T17:17:52 IST" duration-ms="16" status="PASS">
          <params>
            <param index="0">
              <value>
                <![CDATA[public static void na.flipkart.flipkart.add_cart() throws java.io.IOException,java.lang.InterruptedException]]>
              </value>
            </param>
          </params>
          <reporter-output>
          </reporter-output>
        </test-method> <!-- beforemethod -->
        <test-method is-config="true" signature="beforemethod(java.lang.reflect.Method)[pri:0, instance:na.flipkart.flipkart@61d6015a]" started-at="2020-02-07T17:17:52 IST" name="beforemethod" finished-at="2020-02-07T17:17:52 IST" duration-ms="16" status="PASS">
          <params>
            <param index="0">
              <value>
                <![CDATA[public static void na.flipkart.flipkart.remove_item() throws java.lang.InterruptedException,java.io.IOException]]>
              </value>
            </param>
          </params>
          <reporter-output>
          </reporter-output>
        </test-method> <!-- beforemethod -->
        <test-method signature="remove_item()[pri:0, instance:na.flipkart.flipkart@61d6015a]" started-at="2020-02-07T17:17:52 IST" name="remove_item" finished-at="2020-02-07T17:18:21 IST" duration-ms="29371" status="PASS">
          <reporter-output>
          </reporter-output>
        </test-method> <!-- remove_item -->
        <test-method signature="add_cart()[pri:0, instance:na.flipkart.flipkart@61d6015a]" started-at="2020-02-07T17:17:52 IST" name="add_cart" finished-at="2020-02-07T17:18:28 IST" duration-ms="36397" status="PASS">
          <reporter-output>
          </reporter-output>
        </test-method> <!-- add_cart -->
        <test-method is-config="true" signature="aftermethod(org.testng.ITestResult)[pri:0, instance:na.flipkart.flipkart@61d6015a]" started-at="2020-02-07T17:18:21 IST" name="aftermethod" finished-at="2020-02-07T17:18:21 IST" duration-ms="8" status="PASS">
          <params>
            <param index="0">
              <value>
                <![CDATA[[TestResult name=remove_item status=SUCCESS method=flipkart.remove_item()[pri:0, instance:na.flipkart.flipkart@61d6015a] output={null}]]]>
              </value>
            </param>
          </params>
          <reporter-output>
          </reporter-output>
        </test-method> <!-- aftermethod -->
        <test-method is-config="true" signature="aftermethod(org.testng.ITestResult)[pri:0, instance:na.flipkart.flipkart@61d6015a]" started-at="2020-02-07T17:18:28 IST" name="aftermethod" finished-at="2020-02-07T17:18:28 IST" duration-ms="0" status="PASS">
          <params>
            <param index="0">
              <value>
                <![CDATA[[TestResult name=add_cart status=SUCCESS method=flipkart.add_cart()[pri:0, instance:na.flipkart.flipkart@61d6015a] output={null}]]]>
              </value>
            </param>
          </params>
          <reporter-output>
          </reporter-output>
        </test-method> <!-- aftermethod -->
        <test-method is-config="true" signature="aftersuite()[pri:0, instance:na.flipkart.flipkart@61d6015a]" started-at="2020-02-07T17:18:28 IST" name="aftersuite" finished-at="2020-02-07T17:18:28 IST" duration-ms="1" status="FAIL">
          <exception class="java.lang.NullPointerException">
            <full-stacktrace>
              <![CDATA[java.lang.NullPointerException
at nari.framework.BaseClass.aftersuite(BaseClass.java:92)
at java.base/jdk.internal.reflect.NativeMethodAccessorImpl.invoke0(Native Method)
at java.base/jdk.internal.reflect.NativeMethodAccessorImpl.invoke(NativeMethodAccessorImpl.java:62)
at java.base/jdk.internal.reflect.DelegatingMethodAccessorImpl.invoke(DelegatingMethodAccessorImpl.java:43)
at java.base/java.lang.reflect.Method.invoke(Method.java:566)
at org.testng.internal.MethodInvocationHelper.invokeMethod(MethodInvocationHelper.java:133)
at org.testng.internal.MethodInvocationHelper.invokeMethodConsideringTimeout(MethodInvocationHelper.java:62)
at org.testng.internal.ConfigInvoker.invokeConfigurationMethod(ConfigInvoker.java:340)
at org.testng.internal.ConfigInvoker.invokeConfigurations(ConfigInvoker.java:294)
at org.testng.SuiteRunner.privateRun(SuiteRunner.java:369)
at org.testng.SuiteRunner.run(SuiteRunner.java:304)
at org.testng.SuiteRunnerWorker.runSuite(SuiteRunnerWorker.java:53)
at org.testng.SuiteRunnerWorker.run(SuiteRunnerWorker.java:96)
at org.testng.TestNG.runSuitesSequentially(TestNG.java:1180)
at org.testng.TestNG.runSuitesLocally(TestNG.java:1102)
at org.testng.TestNG.runSuites(TestNG.java:1032)
at org.testng.TestNG.run(TestNG.java:1000)
at org.testng.remote.AbstractRemoteTestNG.run(AbstractRemoteTestNG.java:115)
at org.testng.remote.RemoteTestNG.initAndRun(RemoteTestNG.java:251)
at org.testng.remote.RemoteTestNG.main(RemoteTestNG.java:77)
]]>
            </full-stacktrace>
          </exception> <!-- java.lang.NullPointerException -->
          <reporter-output>
          </reporter-output>
        </test-method> <!-- aftersuite -->
      </class> <!-- na.flipkart.flipkart -->
    </test> <!-- Test -->
  </suite> <!-- Suite -->
</testng-results>
