<?xml version="1.0" encoding="UTF-8"?>
<testng-results ignored="2" total="5" passed="3" failed="0" skipped="0">
  <reporter-output>
  </reporter-output>
  <suite started-at="2020-02-09T09:00:14 IST" name="Suite" finished-at="2020-02-09T09:02:45 IST" duration-ms="151555">
    <groups>
    </groups>
    <test started-at="2020-02-09T09:00:14 IST" name="Test" finished-at="2020-02-09T09:02:45 IST" duration-ms="151555">
      <class name="na.Paytm.Paytm">
        <test-method is-config="true" signature="BeforeClass()[pri:0, instance:na.Paytm.Paytm@61d6015a]" started-at="2020-02-09T09:00:14 IST" name="BeforeClass" finished-at="2020-02-09T09:00:14 IST" duration-ms="152" status="PASS">
          <reporter-output>
          </reporter-output>
        </test-method> <!-- BeforeClass -->
        <test-method is-config="true" signature="beforemethod(java.lang.reflect.Method)[pri:0, instance:na.Paytm.Paytm@61d6015a]" started-at="2020-02-09T09:00:14 IST" name="beforemethod" finished-at="2020-02-09T09:00:14 IST" duration-ms="10" status="PASS">
          <params>
            <param index="0">
              <value>
                <![CDATA[public static void na.Paytm.Paytm.paytm_recharge() throws java.lang.InterruptedException]]>
              </value>
            </param>
          </params>
          <reporter-output>
          </reporter-output>
        </test-method> <!-- beforemethod -->
        <test-method signature="paytm_recharge()[pri:0, instance:na.Paytm.Paytm@61d6015a]" started-at="2020-02-09T09:00:14 IST" name="paytm_recharge" finished-at="2020-02-09T09:02:45 IST" duration-ms="151332" status="PASS">
          <reporter-output>
          </reporter-output>
        </test-method> <!-- paytm_recharge -->
        <test-method is-config="true" signature="aftermethod(org.testng.ITestResult)[pri:0, instance:na.Paytm.Paytm@61d6015a]" started-at="2020-02-09T09:02:45 IST" name="aftermethod" finished-at="2020-02-09T09:02:45 IST" duration-ms="1" status="PASS">
          <params>
            <param index="0">
              <value>
                <![CDATA[[TestResult name=paytm_recharge status=SUCCESS method=Paytm.paytm_recharge()[pri:0, instance:na.Paytm.Paytm@61d6015a] output={null}]]]>
              </value>
            </param>
          </params>
          <reporter-output>
          </reporter-output>
        </test-method> <!-- aftermethod -->
      </class> <!-- na.Paytm.Paytm -->
      <class name="na.flipkart.flipkart">
        <test-method is-config="true" signature="beforeSuite()[pri:0, instance:na.flipkart.flipkart@2e1d27ba]" started-at="2020-02-09T09:00:14 IST" name="beforeSuite" finished-at="2020-02-09T09:00:14 IST" duration-ms="380" status="PASS">
          <reporter-output>
          </reporter-output>
        </test-method> <!-- beforeSuite -->
        <test-method is-config="true" signature="BeforeClass()[pri:0, instance:na.flipkart.flipkart@2e1d27ba]" started-at="2020-02-09T09:00:14 IST" name="BeforeClass" finished-at="2020-02-09T09:00:14 IST" duration-ms="144" status="PASS">
          <reporter-output>
          </reporter-output>
        </test-method> <!-- BeforeClass -->
        <test-method is-config="true" signature="beforemethod(java.lang.reflect.Method)[pri:0, instance:na.flipkart.flipkart@2e1d27ba]" started-at="2020-02-09T09:00:14 IST" name="beforemethod" finished-at="2020-02-09T09:00:14 IST" duration-ms="11" status="PASS">
          <params>
            <param index="0">
              <value>
                <![CDATA[public static void na.flipkart.flipkart.add_cart() throws java.io.IOException,java.lang.InterruptedException]]>
              </value>
            </param>
          </params>
          <reporter-output>
          </reporter-output>
        </test-method> <!-- beforemethod -->
        <test-method is-config="true" signature="beforemethod(java.lang.reflect.Method)[pri:0, instance:na.flipkart.flipkart@2e1d27ba]" started-at="2020-02-09T09:00:14 IST" name="beforemethod" finished-at="2020-02-09T09:00:14 IST" duration-ms="11" status="PASS">
          <params>
            <param index="0">
              <value>
                <![CDATA[public static void na.flipkart.flipkart.remove_item() throws java.lang.InterruptedException,java.io.IOException]]>
              </value>
            </param>
          </params>
          <reporter-output>
          </reporter-output>
        </test-method> <!-- beforemethod -->
        <test-method signature="add_cart()[pri:0, instance:na.flipkart.flipkart@2e1d27ba]" started-at="2020-02-09T09:00:14 IST" name="add_cart" finished-at="2020-02-09T09:01:42 IST" duration-ms="87667" status="PASS">
          <reporter-output>
          </reporter-output>
        </test-method> <!-- add_cart -->
        <test-method signature="remove_item()[pri:0, instance:na.flipkart.flipkart@2e1d27ba]" started-at="2020-02-09T09:00:14 IST" name="remove_item" finished-at="2020-02-09T09:01:34 IST" duration-ms="80066" status="PASS">
          <reporter-output>
          </reporter-output>
        </test-method> <!-- remove_item -->
        <test-method is-config="true" signature="aftermethod(org.testng.ITestResult)[pri:0, instance:na.flipkart.flipkart@2e1d27ba]" started-at="2020-02-09T09:01:34 IST" name="aftermethod" finished-at="2020-02-09T09:01:34 IST" duration-ms="97" status="PASS">
          <params>
            <param index="0">
              <value>
                <![CDATA[[TestResult name=remove_item status=SUCCESS method=flipkart.remove_item()[pri:0, instance:na.flipkart.flipkart@2e1d27ba] output={null}]]]>
              </value>
            </param>
          </params>
          <reporter-output>
          </reporter-output>
        </test-method> <!-- aftermethod -->
        <test-method is-config="true" signature="aftermethod(org.testng.ITestResult)[pri:0, instance:na.flipkart.flipkart@2e1d27ba]" started-at="2020-02-09T09:01:42 IST" name="aftermethod" finished-at="2020-02-09T09:01:42 IST" duration-ms="2" status="PASS">
          <params>
            <param index="0">
              <value>
                <![CDATA[[TestResult name=add_cart status=SUCCESS method=flipkart.add_cart()[pri:0, instance:na.flipkart.flipkart@2e1d27ba] output={null}]]]>
              </value>
            </param>
          </params>
          <reporter-output>
          </reporter-output>
        </test-method> <!-- aftermethod -->
        <test-method is-config="true" signature="aftersuite()[pri:0, instance:na.flipkart.flipkart@2e1d27ba]" started-at="2020-02-09T09:02:47 IST" name="aftersuite" finished-at="2020-02-09T09:02:48 IST" duration-ms="1613" status="PASS">
          <reporter-output>
          </reporter-output>
        </test-method> <!-- aftersuite -->
      </class> <!-- na.flipkart.flipkart -->
    </test> <!-- Test -->
  </suite> <!-- Suite -->
</testng-results>
