<?xml version="1.0" encoding="UTF-8"?>
<!-- Generated by org.testng.reporters.JUnitXMLReporter -->
<testsuite ignored="0" hostname="DESKTOP-8SGD1CV" failures="2" tests="2" name="sample" time="0.578" errors="0" timestamp="2019-12-09T11:40:17 IST">
  <testcase classname="na.flipkart.flipkart" name="add_cart" time="0.008">
    <failure type="java.lang.Error" message="Unresolved compilation problem: 
	The method launch_Application(String) in the type CommonMethods is not applicable for the arguments (String, String)
">
      <![CDATA[java.lang.Error: Unresolved compilation problem: 
The method launch_Application(String) in the type CommonMethods is not applicable for the arguments (String, String)

at na.flipkart.flipkart.add_cart(flipkart.java:21)
at java.base/java.util.ArrayList.forEach(ArrayList.java:1540)
at java.base/java.util.concurrent.FutureTask.run(FutureTask.java:264)
at java.base/java.util.concurrent.ThreadPoolExecutor.runWorker(ThreadPoolExecutor.java:1128)
at java.base/java.util.concurrent.ThreadPoolExecutor$Worker.run(ThreadPoolExecutor.java:628)
at java.base/java.lang.Thread.run(Thread.java:835)
... Removed 18 stack frames]]>
    </failure>
  </testcase> <!-- add_cart -->
  <testcase classname="na.flipkart.flipkart" name="remove_item" time="0.269">
    <failure type="java.lang.NullPointerException">
      <![CDATA[java.lang.NullPointerException
at na.flipkart.flipkart.remove_item(flipkart.java:44)
at java.base/java.util.ArrayList.forEach(ArrayList.java:1540)
at java.base/java.util.concurrent.FutureTask.run(FutureTask.java:264)
at java.base/java.util.concurrent.ThreadPoolExecutor.runWorker(ThreadPoolExecutor.java:1128)
at java.base/java.util.concurrent.ThreadPoolExecutor$Worker.run(ThreadPoolExecutor.java:628)
at java.base/java.lang.Thread.run(Thread.java:835)
... Removed 18 stack frames]]>
    </failure>
  </testcase> <!-- remove_item -->
</testsuite> <!-- sample -->
